[damian.drygiel.com/index.html]
[backblue.gif]
[fade.gif]
[index.html]
[damian.drygiel.com/me.jpg]
[damian.drygiel.com/img/favicon.png]
[maxcdn.bootstrapcdn.com/font-awesome/4.4.0/css/font-awesome.min.css]
[www.google-analytics.com/ga.js]
[damian.drygiel.com/img/background.mp4]
[damian.drygiel.com/img/simage-timeline.jpg]
[damian.drygiel.com/img/cert1.gif]
[damian.drygiel.com/img/hpm-rec.gif]
[damian.drygiel.com/img/recommendation.gif]
[damian.drygiel.com/img/simage-keyboard.jpg]
[cdnjs.cloudflare.com/ajax/libs/waypoints/4.0.0/jquery.waypoints.min.js]
[cdnjs.cloudflare.com/ajax/libs/waypoints/4.0.0/shortcuts/inview.min.js]
[cdnjs.cloudflare.com/ajax/libs/waypoints/4.0.0/shortcuts/sticky.min.js]
[cdnjs.cloudflare.com/ajax/libs/visibility.js/1.2.1/visibility.min.js]
[cdnjs.cloudflare.com/ajax/libs/jquery/2.1.4/jquery.min.js]
[damian.drygiel.com/js/all.scripts.min.js]
[damian.drygiel.com/index.html]
[damian.drygiel.com/img/about-bg.gif]
[damian.drygiel.com/img/db-loop.gif]
[damian.drygiel.com/img/projects-sprite.jpg]
[cdnjs.cloudflare.com/ajax/libs/three.js/r58/three.min.js]
[damian.drygiel.com/img/frames-255-black.png]
[damian.drygiel.com/img/frames-255-white.png]
[damian.drygiel.com/css/all.styles.min.css]
[maxcdn.bootstrapcdn.com/font-awesome/4.4.0/css/font-awesome.min.css]
[damian.drygiel.com/Knockout.html]
